
2018-09-17 21:26:39
[ERROR]-[Thread: main]-[com.jfinal.kit.LogKit.error()]: Can not create instance of class: config.Config
java.lang.RuntimeException: Can not create instance of class: config.Config
	at com.jfinal.core.JFinalFilter.createJFinalConfig(JFinalFilter.java:103)
	at com.jfinal.core.JFinalFilter.init(JFinalFilter.java:47)
	at org.eclipse.jetty.servlet.FilterHolder.doStart(FilterHolder.java:119)
	at org.eclipse.jetty.util.component.AbstractLifeCycle.start(AbstractLifeCycle.java:64)
	at org.eclipse.jetty.servlet.ServletHandler.initialize(ServletHandler.java:724)
	at org.eclipse.jetty.servlet.ServletContextHandler.startContext(ServletContextHandler.java:265)
	at org.eclipse.jetty.webapp.WebAppContext.startContext(WebAppContext.java:1250)
	at org.eclipse.jetty.server.handler.ContextHandler.doStart(ContextHandler.java:706)
	at org.eclipse.jetty.webapp.WebAppContext.doStart(WebAppContext.java:492)
	at org.eclipse.jetty.util.component.AbstractLifeCycle.start(AbstractLifeCycle.java:64)
	at org.eclipse.jetty.server.handler.HandlerWrapper.doStart(HandlerWrapper.java:95)
	at org.eclipse.jetty.server.Server.doStart(Server.java:277)
	at org.eclipse.jetty.util.component.AbstractLifeCycle.start(AbstractLifeCycle.java:64)
	at com.jfinal.server.JettyServerForIDEA.doStart(JettyServerForIDEA.java:133)
	at com.jfinal.server.JettyServerForIDEA.start(JettyServerForIDEA.java:72)
	at com.jfinal.core.JFinal.start(JFinal.java:174)
	at common.Main.main(Main.java:7)
Caused by: java.lang.ClassNotFoundException: config.Config
	at java.net.URLClassLoader.findClass(URLClassLoader.java:381)
	at java.lang.ClassLoader.loadClass(ClassLoader.java:424)
	at sun.misc.Launcher$AppClassLoader.loadClass(Launcher.java:349)
	at java.lang.ClassLoader.loadClass(ClassLoader.java:357)
	at java.lang.Class.forName0(Native Method)
	at java.lang.Class.forName(Class.java:264)
	at com.jfinal.core.JFinalFilter.createJFinalConfig(JFinalFilter.java:101)
	... 16 more

2018-09-17 21:26:53
[ERROR]-[Thread: main]-[com.jfinal.kit.LogKit.error()]: Can not create instance of class: config.Config
java.lang.RuntimeException: Can not create instance of class: config.Config
	at com.jfinal.core.JFinalFilter.createJFinalConfig(JFinalFilter.java:103)
	at com.jfinal.core.JFinalFilter.init(JFinalFilter.java:47)
	at org.eclipse.jetty.servlet.FilterHolder.doStart(FilterHolder.java:119)
	at org.eclipse.jetty.util.component.AbstractLifeCycle.start(AbstractLifeCycle.java:64)
	at org.eclipse.jetty.servlet.ServletHandler.initialize(ServletHandler.java:724)
	at org.eclipse.jetty.servlet.ServletContextHandler.startContext(ServletContextHandler.java:265)
	at org.eclipse.jetty.webapp.WebAppContext.startContext(WebAppContext.java:1250)
	at org.eclipse.jetty.server.handler.ContextHandler.doStart(ContextHandler.java:706)
	at org.eclipse.jetty.webapp.WebAppContext.doStart(WebAppContext.java:492)
	at org.eclipse.jetty.util.component.AbstractLifeCycle.start(AbstractLifeCycle.java:64)
	at org.eclipse.jetty.server.handler.HandlerWrapper.doStart(HandlerWrapper.java:95)
	at org.eclipse.jetty.server.Server.doStart(Server.java:277)
	at org.eclipse.jetty.util.component.AbstractLifeCycle.start(AbstractLifeCycle.java:64)
	at com.jfinal.server.JettyServerForIDEA.doStart(JettyServerForIDEA.java:133)
	at com.jfinal.server.JettyServerForIDEA.start(JettyServerForIDEA.java:72)
	at com.jfinal.core.JFinal.start(JFinal.java:174)
	at common.Main.main(Main.java:7)
Caused by: java.lang.ClassNotFoundException: config.Config
	at java.net.URLClassLoader.findClass(URLClassLoader.java:381)
	at java.lang.ClassLoader.loadClass(ClassLoader.java:424)
	at sun.misc.Launcher$AppClassLoader.loadClass(Launcher.java:349)
	at java.lang.ClassLoader.loadClass(ClassLoader.java:357)
	at java.lang.Class.forName0(Native Method)
	at java.lang.Class.forName(Class.java:264)
	at com.jfinal.core.JFinalFilter.createJFinalConfig(JFinalFilter.java:101)
	... 16 more

2018-09-17 21:27:19
[ERROR]-[Thread: main]-[com.jfinal.kit.LogKit.error()]: Can not create instance of class: config.Config
java.lang.RuntimeException: Can not create instance of class: config.Config
	at com.jfinal.core.JFinalFilter.createJFinalConfig(JFinalFilter.java:103)
	at com.jfinal.core.JFinalFilter.init(JFinalFilter.java:47)
	at org.eclipse.jetty.servlet.FilterHolder.doStart(FilterHolder.java:119)
	at org.eclipse.jetty.util.component.AbstractLifeCycle.start(AbstractLifeCycle.java:64)
	at org.eclipse.jetty.servlet.ServletHandler.initialize(ServletHandler.java:724)
	at org.eclipse.jetty.servlet.ServletContextHandler.startContext(ServletContextHandler.java:265)
	at org.eclipse.jetty.webapp.WebAppContext.startContext(WebAppContext.java:1250)
	at org.eclipse.jetty.server.handler.ContextHandler.doStart(ContextHandler.java:706)
	at org.eclipse.jetty.webapp.WebAppContext.doStart(WebAppContext.java:492)
	at org.eclipse.jetty.util.component.AbstractLifeCycle.start(AbstractLifeCycle.java:64)
	at org.eclipse.jetty.server.handler.HandlerWrapper.doStart(HandlerWrapper.java:95)
	at org.eclipse.jetty.server.Server.doStart(Server.java:277)
	at org.eclipse.jetty.util.component.AbstractLifeCycle.start(AbstractLifeCycle.java:64)
	at com.jfinal.server.JettyServerForIDEA.doStart(JettyServerForIDEA.java:133)
	at com.jfinal.server.JettyServerForIDEA.start(JettyServerForIDEA.java:72)
	at com.jfinal.core.JFinal.start(JFinal.java:174)
	at common.Main.main(Main.java:7)
Caused by: java.lang.ClassNotFoundException: config.Config
	at java.net.URLClassLoader.findClass(URLClassLoader.java:381)
	at java.lang.ClassLoader.loadClass(ClassLoader.java:424)
	at sun.misc.Launcher$AppClassLoader.loadClass(Launcher.java:349)
	at java.lang.ClassLoader.loadClass(ClassLoader.java:357)
	at java.lang.Class.forName0(Native Method)
	at java.lang.Class.forName(Class.java:264)
	at com.jfinal.core.JFinalFilter.createJFinalConfig(JFinalFilter.java:101)
	... 16 more

2018-09-17 21:55:02
[ERROR]-[Thread: main]-[com.jfinal.kit.LogKit.error()]: Can not create instance of class: config.Config
java.lang.RuntimeException: Can not create instance of class: config.Config
	at com.jfinal.core.JFinalFilter.createJFinalConfig(JFinalFilter.java:103)
	at com.jfinal.core.JFinalFilter.init(JFinalFilter.java:47)
	at org.eclipse.jetty.servlet.FilterHolder.doStart(FilterHolder.java:119)
	at org.eclipse.jetty.util.component.AbstractLifeCycle.start(AbstractLifeCycle.java:64)
	at org.eclipse.jetty.servlet.ServletHandler.initialize(ServletHandler.java:724)
	at org.eclipse.jetty.servlet.ServletContextHandler.startContext(ServletContextHandler.java:265)
	at org.eclipse.jetty.webapp.WebAppContext.startContext(WebAppContext.java:1250)
	at org.eclipse.jetty.server.handler.ContextHandler.doStart(ContextHandler.java:706)
	at org.eclipse.jetty.webapp.WebAppContext.doStart(WebAppContext.java:492)
	at org.eclipse.jetty.util.component.AbstractLifeCycle.start(AbstractLifeCycle.java:64)
	at org.eclipse.jetty.server.handler.HandlerWrapper.doStart(HandlerWrapper.java:95)
	at org.eclipse.jetty.server.Server.doStart(Server.java:277)
	at org.eclipse.jetty.util.component.AbstractLifeCycle.start(AbstractLifeCycle.java:64)
	at com.jfinal.server.JettyServerForIDEA.doStart(JettyServerForIDEA.java:133)
	at com.jfinal.server.JettyServerForIDEA.start(JettyServerForIDEA.java:72)
	at com.jfinal.core.JFinal.start(JFinal.java:174)
	at common.Main.main(Main.java:7)
Caused by: java.lang.ClassNotFoundException: config.Config
	at java.net.URLClassLoader.findClass(URLClassLoader.java:381)
	at java.lang.ClassLoader.loadClass(ClassLoader.java:424)
	at sun.misc.Launcher$AppClassLoader.loadClass(Launcher.java:349)
	at java.lang.ClassLoader.loadClass(ClassLoader.java:357)
	at java.lang.Class.forName0(Native Method)
	at java.lang.Class.forName(Class.java:264)
	at com.jfinal.core.JFinalFilter.createJFinalConfig(JFinalFilter.java:101)
	... 16 more
